make all --print-data-base --no-builtin-variables --no-builtin-rules --question
# GNU Make 3.81
# Copyright (C) 2006  Free Software Foundation, Inc.
# This is free software; see the source for copying conditions.
# There is NO warranty; not even for MERCHANTABILITY or FITNESS FOR A
# PARTICULAR PURPOSE.

# This program built for i386-apple-darwin11.3.0
 

# Make data base, printed on Sun Jul 17 13:16:05 2022

# Variables

# automatic
<D = $(patsubst %/,%,$(dir $<))
# automatic
?F = $(notdir $?)
# automatic
?D = $(patsubst %/,%,$(dir $?))
# automatic
@D = $(patsubst %/,%,$(dir $@))
# automatic
@F = $(notdir $@)
# makefile
CURDIR := /Users/armanmoztarzadeh/Downloads/Image-Partitioning-Trees
# makefile
SHELL = /bin/sh
# environment
VSCODE_NLS_CONFIG = {"locale":"en-us","availableLanguages":{},"_languagePackSupport":true}
# environment
_ = /usr/bin/make
# makefile (from `Makefile', line 1)
MAKEFILE_LIST :=  Makefile
# makefile (from `Makefile', line 5)
CXXFLAGS = -stdlib=libc++ -std=c++1y -c -g -O0 -Wall -Wextra -pedantic
# environment
__CFBundleIdentifier = com.microsoft.VSCode
# environment
VSCODE_CWD = /
# environment
PATH = /Library/Frameworks/Python.framework/Versions/2.7/bin:/Library/Frameworks/Python.framework/Versions/3.10/bin:/Library/Frameworks/Python.framework/Versions/3.10/bin:/Library/Frameworks/Python.framework/Versions/3.9/bin:/usr/local/bin:/usr/bin:/bin:/usr/sbin:/sbin:/Applications/VMware Fusion.app/Contents/Public:/usr/local/share/dotnet:/opt/X11/bin:~/.dotnet/tools:/Library/Apple/usr/bin:/Library/Frameworks/Mono.framework/Versions/Current/Commands
 
# makefile (from `Makefile', line 6)
LD = clang++
# environment
LaunchInstanceID = F19E93B2-755A-438A-B9C4-3AD22E60167B
# environment
ELECTRON_RUN_AS_NODE = 1
# makefile (from `Makefile', line 7)
LDFLAGS = -stdlib=libc++ -std=c++1y -lc++abi -lpthread -lm
# default
.FEATURES := target-specific order-only second-expansion else-if archives jobserver check-symlink
# environment
SSH_AUTH_SOCK = /private/tmp/com.apple.launchd.te9QP0aA4C/Listeners
# automatic
%F = $(notdir $%)
# environment
DISPLAY = /private/tmp/com.apple.launchd.FK9sD1XqpS/org.xquartz:0
# makefile (from `Makefile', line 2)
OBJS = PNG.o HSLAPixel.o lodepng.o hue_utils.o testPTree.o ptree.o
# environment
PWD = /Users/armanmoztarzadeh/Downloads/Image-Partitioning-Trees
# environment
ORIGINAL_XDG_CURRENT_DESKTOP = undefined
# makefile (from `Makefile', line 1)
EXEPTree = testPTree
# environment
VSCODE_AMD_ENTRYPOINT = vs/workbench/api/node/extensionHostProcess
# environment
HOME = /Users/armanmoztarzadeh
# default
MAKEFILEPATH := /Applications/Xcode.app/Contents/Developer/Makefiles
# environment
VSCODE_CODE_CACHE_PATH = /Users/armanmoztarzadeh/Library/Application Support/Code/CachedData/b06ae3b2d2dbfe28bca3134cc6be65935cdfea6a
# environment
LOGNAME = armanmoztarzadeh
# environment
APPLICATION_INSIGHTS_NO_DIAGNOSTIC_CHANNEL = 1
# environment
VSCODE_HANDLES_UNCAUGHT_ERRORS = true
# automatic
^D = $(patsubst %/,%,$(dir $^))
# environment
XPC_FLAGS = 0x0
# default
MAKE = $(MAKE_COMMAND)
# default
MAKECMDGOALS := all
# environment
SHLVL = 2
# default
MAKE_VERSION := 3.81
# environment
USER = armanmoztarzadeh
# makefile
.DEFAULT_GOAL := all
# automatic
%D = $(patsubst %/,%,$(dir $%))
# default
MAKE_COMMAND := /Applications/Xcode.app/Contents/Developer/usr/bin/make
# default
.VARIABLES := 
# environment
TMPDIR = /var/folders/p0/h6_hc9bj5z3bb7tl_dbl8h280000gn/T/
# automatic
*F = $(notdir $*)
# environment
VSCODE_IPC_HOOK = /Users/armanmoztarzadeh/Library/Application Support/Code/1.69.1-main.sock
# environment
MallocNanoZone = 0
# makefile
MAKEFLAGS = Rrqp
# environment
MFLAGS = -Rrqp
# automatic
*D = $(patsubst %/,%,$(dir $*))
# environment
XPC_SERVICE_NAME = application.com.microsoft.VSCode.140614236.140614242
# automatic
+D = $(patsubst %/,%,$(dir $+))
# automatic
+F = $(notdir $+)
# environment
__CF_USER_TEXT_ENCODING = 0x1F5:0x0:0x52
# environment
COMMAND_MODE = unix2003
# default
MAKEFILES := 
# automatic
<F = $(notdir $<)
# makefile (from `Makefile', line 4)
CXX = clang++
# environment
LC_ALL = C
# environment
SECURITYSESSIONID = 186a4
# automatic
^F = $(notdir $^)
# default
SUFFIXES := 
# default
.INCLUDE_DIRS = /usr/local/include
# environment
MAKELEVEL := 0
# environment
LANG = C
# environment
VSCODE_PID = 502
# variable set hash-table stats:
# Load=67/1024=7%, Rehash=0, Collisions=5/93=5%

# Pattern-specific Variable Values

# No pattern-specific variable values.

# Directories

# . (device 16777222, inode 141799993): 24 files, no impossibilities.

# 24 files, no impossibilities in 1 directories.

# Implicit Rules

# No implicit rules.

# Files

# Not a target:
cs221util/HSLAPixel.h:
#  Implicit rule search has been done.
#  Last modified 2022-07-17 13:15:54
#  File has been updated.
#  Successfully updated.
# variable set hash-table stats:
# Load=0/32=0%, Rehash=0, Collisions=0/0=0%

ptree.o: ptree.cpp ptree.h ptree-private.h hue_utils.h
#  Implicit rule search has not been done.
#  Last modified 2022-07-17 13:15:54
 
#  File has been updated.
#  Successfully updated.
# variable set hash-table stats:
# Load=0/32=0%, Rehash=0, Collisions=0/0=0%
#  commands to execute (from `Makefile', line 18):
	$(CXX) $(CXXFLAGS) -Wfloat-conversion ptree.cpp
	

# Not a target:
cs221util/HSLAPixel.cpp:
#  Implicit rule search has been done.
#  Last modified 2022-07-17 13:15:54
#  File has been updated.
#  Successfully updated.
# variable set hash-table stats:
# Load=0/32=0%, Rehash=0, Collisions=0/0=0%

all: testPTree
#  Command-line target.
#  Implicit rule search has been done.
#  File does not exist.
#  File has been updated.
#  Successfully updated.
# variable set hash-table stats:
# Load=0/32=0%, Rehash=0, Collisions=0/0=0%

# Not a target:
hue_utils.h:
#  Implicit rule search has been done.
#  Last modified 2022-07-17 13:15:54
#  File has been updated.
#  Successfully updated.
# variable set hash-table stats:
# Load=0/32=0%, Rehash=0, Collisions=0/0=0%

# Not a target:
hue_utils.cpp:
#  Implicit rule search has been done.
#  Last modified 2022-07-17 13:15:54
#  File has been updated.
#  Successfully updated.
# variable set hash-table stats:
# Load=0/32=0%, Rehash=0, Collisions=0/0=0%

# Not a target:
.SUFFIXES:
#  Implicit rule search has not been done.
#  Modification time never checked.
#  File has not been updated.

# Not a target:
cs221util/PNG.h:
#  Implicit rule search has been done.
#  Last modified 2022-07-17 13:15:54
#  File has been updated.
#  Successfully updated.
# variable set hash-table stats:
# Load=0/32=0%, Rehash=0, Collisions=0/0=0%

# Not a target:
Makefile:
#  Implicit rule search has been done.
#  Last modified 2022-07-17 13:15:54
#  File has been updated.
#  Successfully updated.
# variable set hash-table stats:
# Load=0/32=0%, Rehash=0, Collisions=0/0=0%

# Not a target:
testPTree.cpp:
#  Implicit rule search has been done.
#  Last modified 2022-07-17 13:15:54
#  File has been updated.
#  Successfully updated.
# variable set hash-table stats:
# Load=0/32=0%, Rehash=0, Collisions=0/0=0%

# Not a target:
cs221util/PNG.cpp:
#  Implicit rule search has been done.
#  Last modified 2022-07-17 13:15:54
#  File has been updated.
#  Successfully updated.
# variable set hash-table stats:
# Load=0/32=0%, Rehash=0, Collisions=0/0=0%

# Not a target:
ptree.h:
#  Implicit rule search has been done.
#  Last modified 2022-07-17 13:15:54
#  File has been updated.
#  Successfully updated.
# variable set hash-table stats:
# Load=0/32=0%, Rehash=0, Collisions=0/0=0%

# Not a target:
.DEFAULT:
#  Implicit rule search has not been done.
#  Modification time never checked.
#  File has not been updated.

# Not a target:
ptree.cpp:
#  Implicit rule search has been done.
#  Last modified 2022-07-17 13:15:54
#  File has been updated.
#  Successfully updated.
# variable set hash-table stats:
# Load=0/32=0%, Rehash=0, Collisions=0/0=0%

hue_utils.o: hue_utils.cpp hue_utils.h
#  Implicit rule search has not been done.
#  Last modified 2022-07-17 13:15:54
#  File has been updated.
#  Successfully updated.
# variable set hash-table stats:
# Load=0/32=0%, Rehash=0, Collisions=0/0=0%
#  commands to execute (from `Makefile', line 30):
	$(CXX) $(CXXFLAGS) hue_utils.cpp
	

clean:
#  Implicit rule search has not been done.
#  Modification time never checked.
#  File has not been updated.
#  commands to execute (from `Makefile', line 33):
	-rm -f *.o $(EXEPTree)
	

testPTree: PNG.o HSLAPixel.o lodepng.o hue_utils.o testPTree.o ptree.o
#  Implicit rule search has not been done.
#  Last modified 2022-07-17 13:15:54
#  File has been updated.
#  Successfully updated.
# variable set hash-table stats:
# Load=0/32=0%, Rehash=0, Collisions=0/0=0%
#  commands to execute (from `Makefile', line 12):
	$(LD) $(OBJS) $(LDFLAGS) -o $(EXEPTree)
	

testPTree.o: testPTree.cpp ptree.h ptree-private.h cs221util/PNG.h cs221util/HSLAPixel.h
#  Implicit rule search has not been done.
#  Last modified 2022-07-17 13:15:54
#  File has been updated.
#  Successfully updated.
# variable set hash-table stats:
# Load=0/32=0%, Rehash=0, Collisions=0/0=0%
#  commands to execute (from `Makefile', line 15):
	$(CXX) $(CXXFLAGS) testPTree.cpp
	
 

lodepng.o: cs221util/lodepng/lodepng.cpp cs221util/lodepng/lodepng.h
#  Implicit rule search has not been done.
#  Last modified 2022-07-17 13:15:54
#  File has been updated.
#  Successfully updated.
# variable set hash-table stats:
# Load=0/32=0%, Rehash=0, Collisions=0/0=0%
#  commands to execute (from `Makefile', line 27):
	$(CXX) $(CXXFLAGS) cs221util/lodepng/lodepng.cpp
	

PNG.o: cs221util/PNG.cpp cs221util/PNG.h cs221util/HSLAPixel.h cs221util/lodepng/lodepng.h
#  Implicit rule search has not been done.
#  Last modified 2022-07-17 13:15:54
#  File has been updated.
#  Successfully updated.
# variable set hash-table stats:
# Load=0/32=0%, Rehash=0, Collisions=0/0=0%
#  commands to execute (from `Makefile', line 21):
	$(CXX) $(CXXFLAGS) cs221util/PNG.cpp
	

HSLAPixel.o: cs221util/HSLAPixel.cpp cs221util/HSLAPixel.h
#  Implicit rule search has not been done.
#  Last modified 2022-07-17 13:15:54
#  File has been updated.
#  Successfully updated.
# variable set hash-table stats:
# Load=0/32=0%, Rehash=0, Collisions=0/0=0%
#  commands to execute (from `Makefile', line 24):
	$(CXX) $(CXXFLAGS) cs221util/HSLAPixel.cpp
	

# Not a target:
cs221util/lodepng/lodepng.h:
#  Implicit rule search has been done.
#  Last modified 2022-07-17 13:15:54
#  File has been updated.
#  Successfully updated.
# variable set hash-table stats:
# Load=0/32=0%, Rehash=0, Collisions=0/0=0%

# Not a target:
ptree-private.h:
#  Implicit rule search has been done.
#  Last modified 2022-07-17 13:15:54
#  File has been updated.
#  Successfully updated.
# variable set hash-table stats:
# Load=0/32=0%, Rehash=0, Collisions=0/0=0%

# Not a target:
cs221util/lodepng/lodepng.cpp:
#  Implicit rule search has been done.
#  Last modified 2022-07-17 13:15:54
#  File has been updated.
#  Successfully updated.
# variable set hash-table stats:
# Load=0/32=0%, Rehash=0, Collisions=0/0=0%

# files hash-table stats:
# Load=24/1024=2%, Rehash=0, Collisions=0/63=0%
# VPATH Search Paths

# No `vpath' search paths.

# No general (`VPATH' variable) search path.

# # of strings in strcache: 1
# # of strcache buffers: 1
# strcache size: total = 4096 / max = 4096 / min = 4096 / avg = 4096
# strcache free: total = 4087 / max = 4087 / min = 4087 / avg = 4087

# Finished Make data base on Sun Jul 17 13:16:05 2022

 
